#
# There is insufficient memory for the Java Runtime Environment to continue.
# Native memory allocation (malloc) failed to allocate 1063120 bytes for Chunk::new
# Possible reasons:
#   The system is out of physical RAM or swap space
#   The process is running with CompressedOops enabled, and the Java Heap may be blocking the growth of the native heap
# Possible solutions:
#   Reduce memory load on the system
#   Increase physical memory or swap space
#   Check if swap backing store is full
#   Decrease Java heap size (-Xmx/-Xms)
#   Decrease number of Java threads
#   Decrease Java thread stack sizes (-Xss)
#   Set larger code cache with -XX:ReservedCodeCacheSize=
#   JVM is running with Unscaled Compressed Oops mode in which the Java heap is
#     placed in the first 4GB address space. The Java Heap base address is the
#     maximum limit for the native heap growth. Please use -XX:HeapBaseMinAddress
#     to set the Java Heap base and to place the Java Heap above 4GB virtual address.
# This output file may be truncated or incomplete.
#
#  Out of Memory Error (./open/src/hotspot/share/memory/arena.cpp:195), pid=4112, tid=3740
#
# JRE version: Java(TM) SE Runtime Environment (15.0.1+9) (build 15.0.1+9-18)
# Java VM: Java HotSpot(TM) 64-Bit Server VM (15.0.1+9-18, mixed mode, sharing, tiered, compressed oops, parallel gc, windows-amd64)
# No core dump will be written. Minidumps are not enabled by default on client versions of Windows
#

---------------  S U M M A R Y ------------

Command Line: --add-modules=ALL-SYSTEM --add-opens=java.base/java.util=ALL-UNNAMED --add-opens=java.base/java.lang=ALL-UNNAMED -Declipse.application=org.eclipse.jdt.ls.core.id1 -Dosgi.bundles.defaultStartLevel=4 -Declipse.product=org.eclipse.jdt.ls.core.product -Djava.import.generatesMetadataFilesAtProjectRoot=false -Dfile.encoding=utf8 -DwatchParentProcess=false -XX:+UseParallelGC -XX:GCTimeRatio=4 -XX:AdaptiveSizePolicyWeight=90 -Dsun.zip.disableMemoryMapping=true -Xmx1G -Xms100m c:\Users\Lenovo\.vscode\extensions\redhat.java-1.1.0\server\plugins\org.eclipse.equinox.launcher_1.6.400.v20210924-0641.jar -configuration c:\Users\Lenovo\AppData\Roaming\Code\User\globalStorage\redhat.java\1.1.0\config_ss_win -data c:\Users\Lenovo\AppData\Roaming\Code\User\workspaceStorage\f1c8a35ba28d1298b9f56ca6d456b472\redhat.java\ss_ws

Host: Intel(R) Core(TM) i3-7020U CPU @ 2.30GHz, 4 cores, 3G,  Windows 10 , 64 bit Build 19041 (10.0.19041.1348)
Time: Wed Dec 15 00:00:38 2021 India Standard Time elapsed time: 12.274868 seconds (0d 0h 0m 12s)

---------------  T H R E A D  ---------------

Current thread (0x000002589b0fde00):  JavaThread "C2 CompilerThread0" daemon [_thread_in_native, id=3740, stack(0x0000005a03a00000,0x0000005a03b00000)]


Current CompileTask:
C2:  12275 2967       4       org.eclipse.jdt.internal.core.JarPackageFragmentRoot::initRawPackageInfo (349 bytes)

Stack: [0x0000005a03a00000,0x0000005a03b00000]
Native frames: (J=compiled Java code, j=interpreted, Vv=VM code, C=native code)
V  [jvm.dll+0x62ae9a]
V  [jvm.dll+0x781389]
V  [jvm.dll+0x782ae3]
V  [jvm.dll+0x783143]
V  [jvm.dll+0x216265]
V  [jvm.dll+0x97efa]
V  [jvm.dll+0x985dc]
V  [jvm.dll+0x32e525]
V  [jvm.dll+0x18e2e1]
V  [jvm.dll+0x1ea762]
V  [jvm.dll+0x1e98ae]
V  [jvm.dll+0x1784c7]
V  [jvm.dll+0x1f9165]
V  [jvm.dll+0x1f720c]
V  [jvm.dll+0x74485d]
V  [jvm.dll+0x73d65a]
V  [jvm.dll+0x629c56]
C  [ucrtbase.dll+0x21bb2]
C  [KERNEL32.DLL+0x17034]
C  [ntdll.dll+0x52651]


---------------  P R O C E S S  ---------------

Threads class SMR info:
_java_thread_list=0x000002589df8a0f0, length=20, elements={
0x00000258ff8e3590, 0x00000258ff99af40, 0x00000258ff99bf30, 0x000002589b0fad90,
0x000002589b0fc660, 0x000002589b0fd020, 0x000002589b0fde00, 0x000002589b1019c0,
0x000002589c168810, 0x000002589c200b10, 0x000002589c270dd0, 0x000002589c814400,
0x000002589c8f56e0, 0x000002589c8f6500, 0x000002589c91da60, 0x000002589ccad9c0,
0x000002589c3122b0, 0x000002589c9a0440, 0x000002589c862210, 0x000002589c861870
}

Java Threads: ( => current thread )
  0x00000258ff8e3590 JavaThread "main" [_thread_blocked, id=6332, stack(0x0000005a03200000,0x0000005a03300000)]
  0x00000258ff99af40 JavaThread "Reference Handler" daemon [_thread_blocked, id=5548, stack(0x0000005a03500000,0x0000005a03600000)]
  0x00000258ff99bf30 JavaThread "Finalizer" daemon [_thread_blocked, id=1072, stack(0x0000005a03600000,0x0000005a03700000)]
  0x000002589b0fad90 JavaThread "Signal Dispatcher" daemon [_thread_blocked, id=14160, stack(0x0000005a03700000,0x0000005a03800000)]
  0x000002589b0fc660 JavaThread "Attach Listener" daemon [_thread_blocked, id=13736, stack(0x0000005a03800000,0x0000005a03900000)]
  0x000002589b0fd020 JavaThread "Service Thread" daemon [_thread_blocked, id=8120, stack(0x0000005a03900000,0x0000005a03a00000)]
=>0x000002589b0fde00 JavaThread "C2 CompilerThread0" daemon [_thread_in_native, id=3740, stack(0x0000005a03a00000,0x0000005a03b00000)]
  0x000002589b1019c0 JavaThread "C1 CompilerThread0" daemon [_thread_blocked, id=12016, stack(0x0000005a03b00000,0x0000005a03c00000)]
  0x000002589c168810 JavaThread "Sweeper thread" daemon [_thread_blocked, id=11760, stack(0x0000005a03c00000,0x0000005a03d00000)]
  0x000002589c200b10 JavaThread "Common-Cleaner" daemon [_thread_blocked, id=6388, stack(0x0000005a03d00000,0x0000005a03e00000)]
  0x000002589c270dd0 JavaThread "Notification Thread" daemon [_thread_blocked, id=11324, stack(0x0000005a03e00000,0x0000005a03f00000)]
  0x000002589c814400 JavaThread "Active Thread: Equinox Container: 237ca47d-dffd-4856-bc13-123e0aa04418" [_thread_blocked, id=12840, stack(0x0000005a04000000,0x0000005a04100000)]
  0x000002589c8f56e0 JavaThread "Framework Event Dispatcher: Equinox Container: 237ca47d-dffd-4856-bc13-123e0aa04418" daemon [_thread_blocked, id=928, stack(0x0000005a04100000,0x0000005a04200000)]
  0x000002589c8f6500 JavaThread "Start Level: Equinox Container: 237ca47d-dffd-4856-bc13-123e0aa04418" daemon [_thread_blocked, id=836, stack(0x0000005a04200000,0x0000005a04300000)]
  0x000002589c91da60 JavaThread "SCR Component Actor" daemon [_thread_blocked, id=10880, stack(0x0000005a04300000,0x0000005a04400000)]
  0x000002589ccad9c0 JavaThread "Worker-JM" [_thread_blocked, id=4976, stack(0x0000005a04800000,0x0000005a04900000)]
  0x000002589c3122b0 JavaThread "Worker-0" [_thread_blocked, id=12360, stack(0x0000005a04900000,0x0000005a04a00000)]
  0x000002589c9a0440 JavaThread "Worker-1" [_thread_blocked, id=14284, stack(0x0000005a04a00000,0x0000005a04b00000)]
  0x000002589c862210 JavaThread "pool-1-thread-1" [_thread_in_Java, id=9396, stack(0x0000005a04b00000,0x0000005a04c00000)]
  0x000002589c861870 JavaThread "Worker-2" [_thread_blocked, id=8036, stack(0x0000005a04700000,0x0000005a04800000)]

Other Threads:
  0x000002589b0f0c20 VMThread "VM Thread" [stack: 0x0000005a03400000,0x0000005a03500000] [id=7740]
  0x000002589c271360 WatcherThread [stack: 0x0000005a03f00000,0x0000005a04000000] [id=784]
  0x00000258ff8f99a0 GCTaskThread "GC Thread#0" [stack: 0x0000005a03300000,0x0000005a03400000] [id=8104]
  0x000002589c264710 GCTaskThread "GC Thread#1" [stack: 0x0000005a04400000,0x0000005a04500000] [id=8424]
  0x000002589c265d60 GCTaskThread "GC Thread#2" [stack: 0x0000005a04500000,0x0000005a04600000] [id=14300]
  0x000002589c264a40 GCTaskThread "GC Thread#3" [stack: 0x0000005a04600000,0x0000005a04700000] [id=10192]

Threads with active compile tasks:
C2 CompilerThread0    12377 2967       4       org.eclipse.jdt.internal.core.JarPackageFragmentRoot::initRawPackageInfo (349 bytes)

VM state: not at safepoint (normal execution)

VM Mutex/Monitor currently owned by a thread: None

Heap address: 0x00000000c0000000, size: 1024 MB, Compressed Oops mode: 32-bit
CDS archive(s) mapped at: [0x0000000800000000-0x0000000800b50000-0x0000000800b50000), size 11862016, SharedBaseAddress: 0x0000000800000000, ArchiveRelocationMode: 0.
Compressed class space mapped at: 0x0000000800b50000-0x0000000840b50000, size: 1073741824
Narrow klass base: 0x0000000800000000, Narrow klass shift: 3, Narrow klass range: 0x100000000

GC Precious Log:
 CPUs: 4 total, 4 available
 Memory: 4001M
 Large Page Support: Disabled
 NUMA Support: Disabled
 Compressed Oops: Enabled (32-bit)
 Heap Min Capacity: 100M
 Heap Initial Capacity: 100M
 Heap Max Capacity: 1G
 Pre-touch: Disabled
 Parallel Workers: 4

Heap:
 PSYoungGen      total 30720K, used 9306K [0x00000000eab00000, 0x00000000ed080000, 0x0000000100000000)
  eden space 23040K, 8% used [0x00000000eab00000,0x00000000eacf6aa8,0x00000000ec180000)
  from space 7680K, 95% used [0x00000000ec400000,0x00000000ecb20010,0x00000000ecb80000)
  to   space 5120K, 0% used [0x00000000ecb80000,0x00000000ecb80000,0x00000000ed080000)
 ParOldGen       total 68608K, used 15719K [0x00000000c0000000, 0x00000000c4300000, 0x00000000eab00000)
  object space 68608K, 22% used [0x00000000c0000000,0x00000000c0f59e80,0x00000000c4300000)
 Metaspace       used 27374K, capacity 29130K, committed 29360K, reserved 1075200K
  class space    used 2663K, capacity 3325K, committed 3328K, reserved 1048576K

Card table byte_map: [0x00000258ffb90000,0x00000258ffda0000] _byte_map_base: 0x00000258ff590000

Marking Bits: (ParMarkBitMap*) 0x00007ffec7a7c0f0
 Begin Bits: [0x0000025898570000, 0x0000025899570000)
 End Bits:   [0x0000025899570000, 0x000002589a570000)

Polling page: 0x00000258ff330000

Metaspace:

Usage:
  Non-class:     25.20 MB capacity,    24.13 MB ( 96%) used,     1.03 MB (  4%) free+waste,    38.00 KB ( <1%) overhead. 
      Class:      3.25 MB capacity,     2.60 MB ( 80%) used,   643.50 KB ( 19%) free+waste,    17.75 KB ( <1%) overhead. 
       Both:     28.45 MB capacity,    26.73 MB ( 94%) used,     1.66 MB (  6%) free+waste,    55.75 KB ( <1%) overhead. 

Virtual space:
  Non-class space:       26.00 MB reserved,      25.42 MB ( 98%) committed 
      Class space:        1.00 GB reserved,       3.25 MB ( <1%) committed 
             Both:        1.03 GB reserved,      28.67 MB (  3%) committed 

Chunk freelists:
   Non-Class:  35.00 KB
       Class:  3.00 KB
        Both:  38.00 KB

MaxMetaspaceSize: 17179869184.00 GB
CompressedClassSpaceSize: 1.00 GB

CodeHeap 'non-profiled nmethods': size=120000Kb used=1141Kb max_used=1141Kb free=118858Kb
 bounds [0x0000025891040000, 0x00000258912b0000, 0x0000025898570000]
CodeHeap 'profiled nmethods': size=120000Kb used=5991Kb max_used=5991Kb free=114008Kb
 bounds [0x0000025889b10000, 0x000002588a0f0000, 0x0000025891040000]
CodeHeap 'non-nmethods': size=5760Kb used=1271Kb max_used=1334Kb free=4488Kb
 bounds [0x0000025889570000, 0x00000258897e0000, 0x0000025889b10000]
 total_blobs=3564 nmethods=3010 adapters=467
 compilation: enabled
              stopped_count=0, restarted_count=0
 full_count=0

Compilation events (20 events):
Event: 12.188 Thread 0x000002589b1019c0 3048       2       com.google.gson.stream.JsonReader::isLiteral (148 bytes)
Event: 12.189 Thread 0x000002589b1019c0 nmethod 3048 0x000002588a0e4690 code [0x000002588a0e4880, 0x000002588a0e4c38]
Event: 12.189 Thread 0x000002589b1019c0 3050       2       com.google.gson.internal.LinkedTreeMap::rebalance (379 bytes)
Event: 12.191 Thread 0x000002589b1019c0 nmethod 3050 0x000002588a0e4e10 code [0x000002588a0e5000, 0x000002588a0e53f8]
Event: 12.192 Thread 0x000002589b1019c0 3051       2       com.google.gson.internal.bind.ObjectTypeAdapter::read (174 bytes)
Event: 12.194 Thread 0x000002589b1019c0 nmethod 3051 0x000002588a0e5710 code [0x000002588a0e59e0, 0x000002588a0e62b8]
Event: 12.198 Thread 0x000002589b1019c0 3052       2       com.google.gson.internal.bind.JsonTreeReader::push (76 bytes)
Event: 12.198 Thread 0x000002589b1019c0 nmethod 3052 0x000002588a0e6790 code [0x000002588a0e6960, 0x000002588a0e6ca8]
Event: 12.201 Thread 0x000002589b1019c0 3053       2       com.google.gson.internal.bind.JsonTreeReader::popStack (29 bytes)
Event: 12.201 Thread 0x000002589b1019c0 nmethod 3053 0x000002588a0e6e90 code [0x000002588a0e7020, 0x000002588a0e7178]
Event: 12.202 Thread 0x000002589b1019c0 3054       2       com.google.gson.internal.bind.JsonTreeReader::hasNext (25 bytes)
Event: 12.202 Thread 0x000002589b1019c0 nmethod 3054 0x000002588a0e7290 code [0x000002588a0e7440, 0x000002588a0e7588]
Event: 12.203 Thread 0x000002589b1019c0 3055       2       com.google.gson.internal.LinkedTreeMap$EntrySet$1::next (5 bytes)
Event: 12.203 Thread 0x000002589b1019c0 nmethod 3055 0x000002588a0e7610 code [0x000002588a0e77a0, 0x000002588a0e78a8]
Event: 12.205 Thread 0x000002589b1019c0 3056       2       com.google.gson.internal.bind.JsonTreeReader::nextName (59 bytes)
Event: 12.205 Thread 0x000002589b1019c0 nmethod 3056 0x000002588a0e7990 code [0x000002588a0e7b80, 0x000002588a0e7f48]
Event: 12.207 Thread 0x000002589b1019c0 3057       2       com.google.gson.JsonPrimitive::isBoolean (8 bytes)
Event: 12.207 Thread 0x000002589b1019c0 nmethod 3057 0x000002588a0e8190 code [0x000002588a0e8320, 0x000002588a0e8458]
Event: 12.208 Thread 0x000002589b1019c0 3058       2       com.google.gson.internal.LinkedTreeMap::replaceInParent (75 bytes)
Event: 12.208 Thread 0x000002589b1019c0 nmethod 3058 0x000002588a0e8510 code [0x000002588a0e86a0, 0x000002588a0e8878]

GC Heap History (20 events):
Event: 4.206 GC heap before
{Heap before GC invocations=1 (full 0):
 PSYoungGen      total 29696K, used 25600K [0x00000000eab00000, 0x00000000ecc00000, 0x0000000100000000)
  eden space 25600K, 100% used [0x00000000eab00000,0x00000000ec400000,0x00000000ec400000)
  from space 4096K, 0% used [0x00000000ec800000,0x00000000ec800000,0x00000000ecc00000)
  to   space 4096K, 0% used [0x00000000ec400000,0x00000000ec400000,0x00000000ec800000)
 ParOldGen       total 68608K, used 0K [0x00000000c0000000, 0x00000000c4300000, 0x00000000eab00000)
  object space 68608K, 0% used [0x00000000c0000000,0x00000000c0000000,0x00000000c4300000)
 Metaspace       used 7447K, capacity 7844K, committed 8064K, reserved 1056768K
  class space    used 720K, capacity 810K, committed 896K, reserved 1048576K
}
Event: 4.269 GC heap after
{Heap after GC invocations=1 (full 0):
 PSYoungGen      total 29696K, used 3959K [0x00000000eab00000, 0x00000000ecc00000, 0x0000000100000000)
  eden space 25600K, 0% used [0x00000000eab00000,0x00000000eab00000,0x00000000ec400000)
  from space 4096K, 96% used [0x00000000ec400000,0x00000000ec7dde38,0x00000000ec800000)
  to   space 4096K, 0% used [0x00000000ec800000,0x00000000ec800000,0x00000000ecc00000)
 ParOldGen       total 68608K, used 0K [0x00000000c0000000, 0x00000000c4300000, 0x00000000eab00000)
  object space 68608K, 0% used [0x00000000c0000000,0x00000000c0000000,0x00000000c4300000)
 Metaspace       used 7447K, capacity 7844K, committed 8064K, reserved 1056768K
  class space    used 720K, capacity 810K, committed 896K, reserved 1048576K
}
Event: 7.285 GC heap before
{Heap before GC invocations=2 (full 0):
 PSYoungGen      total 29696K, used 29559K [0x00000000eab00000, 0x00000000ecc00000, 0x0000000100000000)
  eden space 25600K, 100% used [0x00000000eab00000,0x00000000ec400000,0x00000000ec400000)
  from space 4096K, 96% used [0x00000000ec400000,0x00000000ec7dde38,0x00000000ec800000)
  to   space 4096K, 0% used [0x00000000ec800000,0x00000000ec800000,0x00000000ecc00000)
 ParOldGen       total 68608K, used 0K [0x00000000c0000000, 0x00000000c4300000, 0x00000000eab00000)
  object space 68608K, 0% used [0x00000000c0000000,0x00000000c0000000,0x00000000c4300000)
 Metaspace       used 19081K, capacity 20009K, committed 20352K, reserved 1067008K
  class space    used 1747K, capacity 2088K, committed 2176K, reserved 1048576K
}
Event: 7.301 GC heap after
{Heap after GC invocations=2 (full 0):
 PSYoungGen      total 29696K, used 4066K [0x00000000eab00000, 0x00000000ecc00000, 0x0000000100000000)
  eden space 25600K, 0% used [0x00000000eab00000,0x00000000eab00000,0x00000000ec400000)
  from space 4096K, 99% used [0x00000000ec800000,0x00000000ecbf8998,0x00000000ecc00000)
  to   space 4096K, 0% used [0x00000000ec400000,0x00000000ec400000,0x00000000ec800000)
 ParOldGen       total 68608K, used 2680K [0x00000000c0000000, 0x00000000c4300000, 0x00000000eab00000)
  object space 68608K, 3% used [0x00000000c0000000,0x00000000c029e0e0,0x00000000c4300000)
 Metaspace       used 19081K, capacity 20009K, committed 20352K, reserved 1067008K
  class space    used 1747K, capacity 2088K, committed 2176K, reserved 1048576K
}
Event: 7.750 GC heap before
{Heap before GC invocations=3 (full 0):
 PSYoungGen      total 29696K, used 14995K [0x00000000eab00000, 0x00000000ecc00000, 0x0000000100000000)
  eden space 25600K, 42% used [0x00000000eab00000,0x00000000eb5ac5a0,0x00000000ec400000)
  from space 4096K, 99% used [0x00000000ec800000,0x00000000ecbf8998,0x00000000ecc00000)
  to   space 4096K, 0% used [0x00000000ec400000,0x00000000ec400000,0x00000000ec800000)
 ParOldGen       total 68608K, used 2680K [0x00000000c0000000, 0x00000000c4300000, 0x00000000eab00000)
  object space 68608K, 3% used [0x00000000c0000000,0x00000000c029e0e0,0x00000000c4300000)
 Metaspace       used 20166K, capacity 21204K, committed 21296K, reserved 1069056K
  class space    used 1847K, capacity 2163K, committed 2176K, reserved 1048576K
}
Event: 7.760 GC heap after
{Heap after GC invocations=3 (full 0):
 PSYoungGen      total 29696K, used 4066K [0x00000000eab00000, 0x00000000ecc00000, 0x0000000100000000)
  eden space 25600K, 0% used [0x00000000eab00000,0x00000000eab00000,0x00000000ec400000)
  from space 4096K, 99% used [0x00000000ec400000,0x00000000ec7f89a0,0x00000000ec800000)
  to   space 4096K, 0% used [0x00000000ec800000,0x00000000ec800000,0x00000000ecc00000)
 ParOldGen       total 68608K, used 3136K [0x00000000c0000000, 0x00000000c4300000, 0x00000000eab00000)
  object space 68608K, 4% used [0x00000000c0000000,0x00000000c03100f0,0x00000000c4300000)
 Metaspace       used 20166K, capacity 21204K, committed 21296K, reserved 1069056K
  class space    used 1847K, capacity 2163K, committed 2176K, reserved 1048576K
}
Event: 7.760 GC heap before
{Heap before GC invocations=4 (full 1):
 PSYoungGen      total 29696K, used 4066K [0x00000000eab00000, 0x00000000ecc00000, 0x0000000100000000)
  eden space 25600K, 0% used [0x00000000eab00000,0x00000000eab00000,0x00000000ec400000)
  from space 4096K, 99% used [0x00000000ec400000,0x00000000ec7f89a0,0x00000000ec800000)
  to   space 4096K, 0% used [0x00000000ec800000,0x00000000ec800000,0x00000000ecc00000)
 ParOldGen       total 68608K, used 3136K [0x00000000c0000000, 0x00000000c4300000, 0x00000000eab00000)
  object space 68608K, 4% used [0x00000000c0000000,0x00000000c03100f0,0x00000000c4300000)
 Metaspace       used 20166K, capacity 21204K, committed 21296K, reserved 1069056K
  class space    used 1847K, capacity 2163K, committed 2176K, reserved 1048576K
}
Event: 7.801 GC heap after
{Heap after GC invocations=4 (full 1):
 PSYoungGen      total 29696K, used 0K [0x00000000eab00000, 0x00000000ecc00000, 0x0000000100000000)
  eden space 25600K, 0% used [0x00000000eab00000,0x00000000eab00000,0x00000000ec400000)
  from space 4096K, 0% used [0x00000000ec400000,0x00000000ec400000,0x00000000ec800000)
  to   space 4096K, 0% used [0x00000000ec800000,0x00000000ec800000,0x00000000ecc00000)
 ParOldGen       total 68608K, used 7050K [0x00000000c0000000, 0x00000000c4300000, 0x00000000eab00000)
  object space 68608K, 10% used [0x00000000c0000000,0x00000000c06e28c0,0x00000000c4300000)
 Metaspace       used 20166K, capacity 21204K, committed 21296K, reserved 1069056K
  class space    used 1847K, capacity 2163K, committed 2176K, reserved 1048576K
}
Event: 10.439 GC heap before
{Heap before GC invocations=5 (full 1):
 PSYoungGen      total 29696K, used 25599K [0x00000000eab00000, 0x00000000ecc00000, 0x0000000100000000)
  eden space 25600K, 99% used [0x00000000eab00000,0x00000000ec3ffff8,0x00000000ec400000)
  from space 4096K, 0% used [0x00000000ec400000,0x00000000ec400000,0x00000000ec800000)
  to   space 4096K, 0% used [0x00000000ec800000,0x00000000ec800000,0x00000000ecc00000)
 ParOldGen       total 68608K, used 7050K [0x00000000c0000000, 0x00000000c4300000, 0x00000000eab00000)
  object space 68608K, 10% used [0x00000000c0000000,0x00000000c06e28c0,0x00000000c4300000)
 Metaspace       used 26640K, capacity 28376K, committed 28592K, reserved 1075200K
  class space    used 2590K, capacity 3219K, committed 3328K, reserved 1048576K
}
Event: 10.444 GC heap after
{Heap after GC invocations=5 (full 1):
 PSYoungGen      total 29696K, used 3132K [0x00000000eab00000, 0x00000000ecc00000, 0x0000000100000000)
  eden space 25600K, 0% used [0x00000000eab00000,0x00000000eab00000,0x00000000ec400000)
  from space 4096K, 76% used [0x00000000ec800000,0x00000000ecb0f310,0x00000000ecc00000)
  to   space 4096K, 0% used [0x00000000ec400000,0x00000000ec400000,0x00000000ec800000)
 ParOldGen       total 68608K, used 7058K [0x00000000c0000000, 0x00000000c4300000, 0x00000000eab00000)
  object space 68608K, 10% used [0x00000000c0000000,0x00000000c06e48c0,0x00000000c4300000)
 Metaspace       used 26640K, capacity 28376K, committed 28592K, reserved 1075200K
  class space    used 2590K, capacity 3219K, committed 3328K, reserved 1048576K
}
Event: 10.915 GC heap before
{Heap before GC invocations=6 (full 1):
 PSYoungGen      total 29696K, used 28732K [0x00000000eab00000, 0x00000000ecc00000, 0x0000000100000000)
  eden space 25600K, 100% used [0x00000000eab00000,0x00000000ec400000,0x00000000ec400000)
  from space 4096K, 76% used [0x00000000ec800000,0x00000000ecb0f310,0x00000000ecc00000)
  to   space 4096K, 0% used [0x00000000ec400000,0x00000000ec400000,0x00000000ec800000)
 ParOldGen       total 68608K, used 7058K [0x00000000c0000000, 0x00000000c4300000, 0x00000000eab00000)
  object space 68608K, 10% used [0x00000000c0000000,0x00000000c06e48c0,0x00000000c4300000)
 Metaspace       used 26839K, capacity 28571K, committed 28848K, reserved 1075200K
  class space    used 2610K, capacity 3220K, committed 3328K, reserved 1048576K
}
Event: 10.924 GC heap after
{Heap after GC invocations=6 (full 1):
 PSYoungGen      total 29184K, used 4074K [0x00000000eab00000, 0x00000000ecf80000, 0x0000000100000000)
  eden space 25088K, 0% used [0x00000000eab00000,0x00000000eab00000,0x00000000ec380000)
  from space 4096K, 99% used [0x00000000ec400000,0x00000000ec7fa800,0x00000000ec800000)
  to   space 6144K, 0% used [0x00000000ec980000,0x00000000ec980000,0x00000000ecf80000)
 ParOldGen       total 68608K, used 8354K [0x00000000c0000000, 0x00000000c4300000, 0x00000000eab00000)
  object space 68608K, 12% used [0x00000000c0000000,0x00000000c08288e0,0x00000000c4300000)
 Metaspace       used 26839K, capacity 28571K, committed 28848K, reserved 1075200K
  class space    used 2610K, capacity 3220K, committed 3328K, reserved 1048576K
}
Event: 11.177 GC heap before
{Heap before GC invocations=7 (full 1):
 PSYoungGen      total 29184K, used 29162K [0x00000000eab00000, 0x00000000ecf80000, 0x0000000100000000)
  eden space 25088K, 100% used [0x00000000eab00000,0x00000000ec380000,0x00000000ec380000)
  from space 4096K, 99% used [0x00000000ec400000,0x00000000ec7fa800,0x00000000ec800000)
  to   space 6144K, 0% used [0x00000000ec980000,0x00000000ec980000,0x00000000ecf80000)
 ParOldGen       total 68608K, used 8354K [0x00000000c0000000, 0x00000000c4300000, 0x00000000eab00000)
  object space 68608K, 12% used [0x00000000c0000000,0x00000000c08288e0,0x00000000c4300000)
 Metaspace       used 26870K, capacity 28571K, committed 28848K, reserved 1075200K
  class space    used 2611K, capacity 3220K, committed 3328K, reserved 1048576K
}
Event: 11.188 GC heap after
{Heap after GC invocations=7 (full 1):
 PSYoungGen      total 30720K, used 6141K [0x00000000eab00000, 0x00000000ed000000, 0x0000000100000000)
  eden space 24576K, 0% used [0x00000000eab00000,0x00000000eab00000,0x00000000ec300000)
  from space 6144K, 99% used [0x00000000ec980000,0x00000000ecf7f580,0x00000000ecf80000)
  to   space 6656K, 0% used [0x00000000ec300000,0x00000000ec300000,0x00000000ec980000)
 ParOldGen       total 68608K, used 8570K [0x00000000c0000000, 0x00000000c4300000, 0x00000000eab00000)
  object space 68608K, 12% used [0x00000000c0000000,0x00000000c085e8f0,0x00000000c4300000)
 Metaspace       used 26870K, capacity 28571K, committed 28848K, reserved 1075200K
  class space    used 2611K, capacity 3220K, committed 3328K, reserved 1048576K
}
Event: 11.392 GC heap before
{Heap before GC invocations=8 (full 1):
 PSYoungGen      total 30720K, used 30717K [0x00000000eab00000, 0x00000000ed000000, 0x0000000100000000)
  eden space 24576K, 100% used [0x00000000eab00000,0x00000000ec300000,0x00000000ec300000)
  from space 6144K, 99% used [0x00000000ec980000,0x00000000ecf7f580,0x00000000ecf80000)
  to   space 6656K, 0% used [0x00000000ec300000,0x00000000ec300000,0x00000000ec980000)
 ParOldGen       total 68608K, used 8570K [0x00000000c0000000, 0x00000000c4300000, 0x00000000eab00000)
  object space 68608K, 12% used [0x00000000c0000000,0x00000000c085e8f0,0x00000000c4300000)
 Metaspace       used 26922K, capacity 28571K, committed 28848K, reserved 1075200K
  class space    used 2623K, capacity 3220K, committed 3328K, reserved 1048576K
}
Event: 11.408 GC heap after
{Heap after GC invocations=8 (full 1):
 PSYoungGen      total 30720K, used 6643K [0x00000000eab00000, 0x00000000ed580000, 0x0000000100000000)
  eden space 24064K, 0% used [0x00000000eab00000,0x00000000eab00000,0x00000000ec280000)
  from space 6656K, 99% used [0x00000000ec300000,0x00000000ec97cd50,0x00000000ec980000)
  to   space 9728K, 0% used [0x00000000ecc00000,0x00000000ecc00000,0x00000000ed580000)
 ParOldGen       total 68608K, used 10836K [0x00000000c0000000, 0x00000000c4300000, 0x00000000eab00000)
  object space 68608K, 15% used [0x00000000c0000000,0x00000000c0a952d0,0x00000000c4300000)
 Metaspace       used 26922K, capacity 28571K, committed 28848K, reserved 1075200K
  class space    used 2623K, capacity 3220K, committed 3328K, reserved 1048576K
}
Event: 11.638 GC heap before
{Heap before GC invocations=9 (full 1):
 PSYoungGen      total 30720K, used 30707K [0x00000000eab00000, 0x00000000ed580000, 0x0000000100000000)
  eden space 24064K, 100% used [0x00000000eab00000,0x00000000ec280000,0x00000000ec280000)
  from space 6656K, 99% used [0x00000000ec300000,0x00000000ec97cd50,0x00000000ec980000)
  to   space 9728K, 0% used [0x00000000ecc00000,0x00000000ecc00000,0x00000000ed580000)
 ParOldGen       total 68608K, used 10836K [0x00000000c0000000, 0x00000000c4300000, 0x00000000eab00000)
  object space 68608K, 15% used [0x00000000c0000000,0x00000000c0a952d0,0x00000000c4300000)
 Metaspace       used 26924K, capacity 28571K, committed 28848K, reserved 1075200K
  class space    used 2623K, capacity 3220K, committed 3328K, reserved 1048576K
}
Event: 11.650 GC heap after
{Heap after GC invocations=9 (full 1):
 PSYoungGen      total 31744K, used 7744K [0x00000000eab00000, 0x00000000ed400000, 0x0000000100000000)
  eden space 23552K, 0% used [0x00000000eab00000,0x00000000eab00000,0x00000000ec200000)
  from space 8192K, 94% used [0x00000000ecc00000,0x00000000ed390010,0x00000000ed400000)
  to   space 8192K, 0% used [0x00000000ec400000,0x00000000ec400000,0x00000000ecc00000)
 ParOldGen       total 68608K, used 12335K [0x00000000c0000000, 0x00000000c4300000, 0x00000000eab00000)
  object space 68608K, 17% used [0x00000000c0000000,0x00000000c0c0bc40,0x00000000c4300000)
 Metaspace       used 26924K, capacity 28571K, committed 28848K, reserved 1075200K
  class space    used 2623K, capacity 3220K, committed 3328K, reserved 1048576K
}
Event: 11.857 GC heap before
{Heap before GC invocations=10 (full 1):
 PSYoungGen      total 31744K, used 31296K [0x00000000eab00000, 0x00000000ed400000, 0x0000000100000000)
  eden space 23552K, 100% used [0x00000000eab00000,0x00000000ec200000,0x00000000ec200000)
  from space 8192K, 94% used [0x00000000ecc00000,0x00000000ed390010,0x00000000ed400000)
  to   space 8192K, 0% used [0x00000000ec400000,0x00000000ec400000,0x00000000ecc00000)
 ParOldGen       total 68608K, used 12335K [0x00000000c0000000, 0x00000000c4300000, 0x00000000eab00000)
  object space 68608K, 17% used [0x00000000c0000000,0x00000000c0c0bc40,0x00000000c4300000)
 Metaspace       used 26990K, capacity 28699K, committed 28848K, reserved 1075200K
  class space    used 2626K, capacity 3220K, committed 3328K, reserved 1048576K
}
Event: 11.873 GC heap after
{Heap after GC invocations=10 (full 1):
 PSYoungGen      total 30720K, used 7296K [0x00000000eab00000, 0x00000000ed080000, 0x0000000100000000)
  eden space 23040K, 0% used [0x00000000eab00000,0x00000000eab00000,0x00000000ec180000)
  from space 7680K, 95% used [0x00000000ec400000,0x00000000ecb20010,0x00000000ecb80000)
  to   space 5120K, 0% used [0x00000000ecb80000,0x00000000ecb80000,0x00000000ed080000)
 ParOldGen       total 68608K, used 15719K [0x00000000c0000000, 0x00000000c4300000, 0x00000000eab00000)
  object space 68608K, 22% used [0x00000000c0000000,0x00000000c0f59e80,0x00000000c4300000)
 Metaspace       used 26990K, capacity 28699K, committed 28848K, reserved 1075200K
  class space    used 2626K, capacity 3220K, committed 3328K, reserved 1048576K
}

Deoptimization events (20 events):
Event: 10.497 Thread 0x000002589c3122b0 Uncommon trap: trap_request=0xffffffc6 fr.pc=0x0000025891129b6c relative=0x000000000000094c
Event: 10.497 Thread 0x000002589c3122b0 Uncommon trap: reason=bimorphic_or_optimized_type_check action=maybe_recompile pc=0x0000025891129b6c method=java.util.HashMap.putVal(ILjava/lang/Object;Ljava/lang/Object;ZZ)Ljava/lang/Object; @ 203 c2
Event: 10.497 Thread 0x000002589c3122b0 DEOPT PACKING pc=0x0000025891129b6c sp=0x0000005a049fdcc0
Event: 10.497 Thread 0x000002589c3122b0 DEOPT UNPACKING pc=0x00000258895be42f sp=0x0000005a049fdc30 mode 2
Event: 11.791 Thread 0x000002589c3122b0 Uncommon trap: trap_request=0xffffffbe fr.pc=0x00000258911579f8 relative=0x0000000000000638
Event: 11.791 Thread 0x000002589c3122b0 Uncommon trap: reason=profile_predicate action=maybe_recompile pc=0x00000258911579f8 method=org.eclipse.jdt.internal.core.util.HashtableOfArrayToObject.getKey([Ljava/lang/Object;I)[Ljava/lang/Object; @ 61 c2
Event: 11.792 Thread 0x000002589c3122b0 DEOPT PACKING pc=0x00000258911579f8 sp=0x0000005a049fe310
Event: 11.792 Thread 0x000002589c3122b0 DEOPT UNPACKING pc=0x00000258895be42f sp=0x0000005a049fe2c0 mode 2
Event: 11.792 Thread 0x000002589c3122b0 Uncommon trap: trap_request=0xffffffbe fr.pc=0x00000258911579f8 relative=0x0000000000000638
Event: 11.792 Thread 0x000002589c3122b0 Uncommon trap: reason=profile_predicate action=maybe_recompile pc=0x00000258911579f8 method=org.eclipse.jdt.internal.core.util.HashtableOfArrayToObject.getKey([Ljava/lang/Object;I)[Ljava/lang/Object; @ 61 c2
Event: 11.792 Thread 0x000002589c3122b0 DEOPT PACKING pc=0x00000258911579f8 sp=0x0000005a049fe2e0
Event: 11.792 Thread 0x000002589c3122b0 DEOPT UNPACKING pc=0x00000258895be42f sp=0x0000005a049fe290 mode 2
Event: 11.792 Thread 0x000002589c3122b0 Uncommon trap: trap_request=0xffffffbe fr.pc=0x00000258911579f8 relative=0x0000000000000638
Event: 11.792 Thread 0x000002589c3122b0 Uncommon trap: reason=profile_predicate action=maybe_recompile pc=0x00000258911579f8 method=org.eclipse.jdt.internal.core.util.HashtableOfArrayToObject.getKey([Ljava/lang/Object;I)[Ljava/lang/Object; @ 61 c2
Event: 11.792 Thread 0x000002589c3122b0 DEOPT PACKING pc=0x00000258911579f8 sp=0x0000005a049fe2e0
Event: 11.792 Thread 0x000002589c3122b0 DEOPT UNPACKING pc=0x00000258895be42f sp=0x0000005a049fe290 mode 2
Event: 11.793 Thread 0x000002589c3122b0 Uncommon trap: trap_request=0xffffffbe fr.pc=0x00000258911579f8 relative=0x0000000000000638
Event: 11.793 Thread 0x000002589c3122b0 Uncommon trap: reason=profile_predicate action=maybe_recompile pc=0x00000258911579f8 method=org.eclipse.jdt.internal.core.util.HashtableOfArrayToObject.getKey([Ljava/lang/Object;I)[Ljava/lang/Object; @ 61 c2
Event: 11.793 Thread 0x000002589c3122b0 DEOPT PACKING pc=0x00000258911579f8 sp=0x0000005a049fe310
Event: 11.793 Thread 0x000002589c3122b0 DEOPT UNPACKING pc=0x00000258895be42f sp=0x0000005a049fe2c0 mode 2

Classes unloaded (0 events):
No events

Classes redefined (0 events):
No events

Internal exceptions (20 events):
Event: 4.061 Thread 0x000002589c8f56e0 Implicit null exception at 0x0000025891071394 to 0x0000025891071474
Event: 4.074 Thread 0x000002589c8f6500 Exception <a 'java/lang/NoSuchMethodError'{0x00000000ec347c88}: 'java.lang.Object java.lang.invoke.Invokers$Holder.linkToTargetMethod(java.lang.Object, java.lang.Object, java.lang.Object, int, java.lang.Object)'> (0x00000000ec347c88) 
thrown [./open/src/hotspot/share/interpreter/linkResolver.cpp, line 782]
Event: 5.127 Thread 0x000002589c8f6500 Exception <a 'java/io/FileNotFoundException'{0x00000000eaf96da8}> (0x00000000eaf96da8) 
thrown [./open/src/hotspot/share/prims/jni.cpp, line 578]
Event: 5.729 Thread 0x000002589c8f6500 Exception <a 'java/lang/NoSuchMethodError'{0x00000000eb3dded8}: 'void java.lang.invoke.DirectMethodHandle$Holder.invokeInterface(java.lang.Object, java.lang.Object, java.lang.Object)'> (0x00000000eb3dded8) 
thrown [./open/src/hotspot/share/interpreter/linkResolver.cpp, line 782]
Event: 5.978 Thread 0x000002589c8f6500 Exception <a 'java/io/FileNotFoundException'{0x00000000eb5c6020}> (0x00000000eb5c6020) 
thrown [./open/src/hotspot/share/prims/jni.cpp, line 578]
Event: 6.478 Thread 0x000002589c8f6500 Exception <a 'java/lang/NoSuchMethodError'{0x00000000eb909330}: 'int java.lang.invoke.DirectMethodHandle$Holder.invokeStaticInit(java.lang.Object, java.lang.Object, java.lang.Object)'> (0x00000000eb909330) 
thrown [./open/src/hotspot/share/interpreter/linkResolver.cpp, line 782]
Event: 6.499 Thread 0x000002589c8f6500 Exception <a 'java/lang/IncompatibleClassChangeError'{0x00000000eb93f558}: Found class java.lang.Object, but interface was expected> (0x00000000eb93f558) 
thrown [./open/src/hotspot/share/interpreter/linkResolver.cpp, line 848]
Event: 7.595 Thread 0x000002589c8f6500 Exception <a 'java/lang/ClassNotFoundException'{0x00000000eb43c938}: com/sun/org/apache/xerces/internal/impl/msg/spi/DOMMessagesProvider> (0x00000000eb43c938) 
thrown [./open/src/hotspot/share/classfile/systemDictionary.cpp, line 295]
Event: 7.610 Thread 0x000002589c8f6500 Exception <a 'java/lang/ClassNotFoundException'{0x00000000eb4520e8}: com/sun/org/apache/xerces/internal/impl/msg/spi/XMLSerializerMessagesProvider> (0x00000000eb4520e8) 
thrown [./open/src/hotspot/share/classfile/systemDictionary.cpp, line 295]
Event: 7.615 Thread 0x000002589c8f6500 Exception <a 'java/lang/ClassNotFoundException'{0x00000000eb45d620}: com/sun/org/apache/xerces/internal/impl/msg/spi/XMLMessagesProvider> (0x00000000eb45d620) 
thrown [./open/src/hotspot/share/classfile/systemDictionary.cpp, line 295]
Event: 8.553 Thread 0x000002589c8f6500 Exception <a 'java/lang/ClassNotFoundException'{0x00000000eace4978}: com/sun/org/apache/xml/internal/serializer/spi/XMLEntitiesProvider> (0x00000000eace4978) 
thrown [./open/src/hotspot/share/classfile/systemDictionary.cpp, line 295]
Event: 8.734 Thread 0x000002589c8f6500 Exception <a 'java/io/FileNotFoundException'{0x00000000eaf025d8}> (0x00000000eaf025d8) 
thrown [./open/src/hotspot/share/prims/jni.cpp, line 578]
Event: 8.760 Thread 0x000002589c8f6500 Exception <a 'java/io/FileNotFoundException'{0x00000000eaf3bbd8}> (0x00000000eaf3bbd8) 
thrown [./open/src/hotspot/share/prims/jni.cpp, line 578]
Event: 8.772 Thread 0x000002589c8f6500 Exception <a 'java/io/FileNotFoundException'{0x00000000eaf8fc58}> (0x00000000eaf8fc58) 
thrown [./open/src/hotspot/share/prims/jni.cpp, line 578]
Event: 9.216 Thread 0x00000258ff8e3590 Exception <a 'java/lang/NoSuchMethodError'{0x00000000eb34ba40}: 'java.lang.Object java.lang.invoke.DirectMethodHandle$Holder.newInvokeSpecial(java.lang.Object, java.lang.Object, java.lang.Object, java.lang.Object, java.lang.Object)'> (0x00000000eb34ba40) 
thrown [./open/src/hotspot/share/interpreter/linkResolver.cpp, line 782]
Event: 9.453 Thread 0x000002589c862210 Exception <a 'java/io/FileNotFoundException'{0x00000000eb58cd90}> (0x00000000eb58cd90) 
thrown [./open/src/hotspot/share/prims/jni.cpp, line 578]
Event: 9.746 Thread 0x000002589c3122b0 Exception <a 'java/lang/NoSuchMethodError'{0x00000000eb982de8}: 'java.lang.Object java.lang.invoke.Invokers$Holder.invoke_MT(java.lang.Object, java.lang.Object, java.lang.Object)'> (0x00000000eb982de8) 
thrown [./open/src/hotspot/share/interpreter/linkResolver.cpp, line 782]
Event: 10.582 Thread 0x000002589c3122b0 Exception <a 'java/io/FileNotFoundException'{0x00000000eb7221b0}> (0x00000000eb7221b0) 
thrown [./open/src/hotspot/share/prims/jni.cpp, line 578]
Event: 10.583 Thread 0x000002589c3122b0 Exception <a 'java/io/FileNotFoundException'{0x00000000eb723d48}> (0x00000000eb723d48) 
thrown [./open/src/hotspot/share/prims/jni.cpp, line 578]
Event: 10.592 Thread 0x000002589c3122b0 Exception <a 'java/lang/NoSuchMethodError'{0x00000000eb72be70}: 'void java.lang.invoke.DirectMethodHandle$Holder.invokeStaticInit(java.lang.Object, java.lang.Object, java.lang.Object)'> (0x00000000eb72be70) 
thrown [./open/src/hotspot/share/interpreter/linkResolver.cpp, line 782]

Events (20 events):
Event: 10.397 loading class java/nio/channels/NonWritableChannelException done
Event: 10.397 loading class sun/nio/ch/ChannelInputStream
Event: 10.397 loading class sun/nio/ch/ChannelInputStream done
Event: 10.398 loading class java/nio/channels/SelectableChannel
Event: 10.398 loading class java/nio/channels/SelectableChannel done
Event: 10.439 Executing VM operation: ParallelGCFailedAllocation
Event: 10.444 Executing VM operation: ParallelGCFailedAllocation done
Event: 10.444 Executing VM operation: HandshakeAllThreads
Event: 10.444 Executing VM operation: HandshakeAllThreads done
Event: 10.915 Executing VM operation: ParallelGCFailedAllocation
Event: 10.925 Executing VM operation: ParallelGCFailedAllocation done
Event: 11.177 Executing VM operation: ParallelGCFailedAllocation
Event: 11.194 Executing VM operation: ParallelGCFailedAllocation done
Event: 11.217 Thread 0x000002589c861870 Thread added: 0x000002589c861870
Event: 11.392 Executing VM operation: ParallelGCFailedAllocation
Event: 11.408 Executing VM operation: ParallelGCFailedAllocation done
Event: 11.638 Executing VM operation: ParallelGCFailedAllocation
Event: 11.650 Executing VM operation: ParallelGCFailedAllocation done
Event: 11.857 Executing VM operation: ParallelGCFailedAllocation
Event: 11.873 Executing VM operation: ParallelGCFailedAllocation done


Dynamic libraries:
0x00007ff665910000 - 0x00007ff66591f000 	C:\Program Files\Java\jdk-15.0.1\bin\java.exe
0x00007fff07410000 - 0x00007fff07605000 	C:\Windows\SYSTEM32\ntdll.dll
0x00007fff06c10000 - 0x00007fff06cce000 	C:\Windows\System32\KERNEL32.DLL
0x00007fff04f00000 - 0x00007fff051c8000 	C:\Windows\System32\KERNELBASE.dll
0x00007fff02070000 - 0x00007fff02100000 	C:\Windows\SYSTEM32\apphelp.dll
0x00007fff04b60000 - 0x00007fff04c60000 	C:\Windows\System32\ucrtbase.dll
0x00007ffef2930000 - 0x00007ffef2948000 	C:\Program Files\Java\jdk-15.0.1\bin\jli.dll
0x00007fff06970000 - 0x00007fff06a1c000 	C:\Windows\System32\ADVAPI32.dll
0x00007fff05a80000 - 0x00007fff05b1e000 	C:\Windows\System32\msvcrt.dll
0x00007fff06cd0000 - 0x00007fff06d6b000 	C:\Windows\System32\sechost.dll
0x00007fff072a0000 - 0x00007fff073ca000 	C:\Windows\System32\RPCRT4.dll
0x00007fff06630000 - 0x00007fff067d1000 	C:\Windows\System32\USER32.dll
0x00007fff04b30000 - 0x00007fff04b52000 	C:\Windows\System32\win32u.dll
0x00007fff054d0000 - 0x00007fff054fb000 	C:\Windows\System32\GDI32.dll
0x00007fff051d0000 - 0x00007fff052db000 	C:\Windows\System32\gdi32full.dll
0x00007fff05310000 - 0x00007fff053ad000 	C:\Windows\System32\msvcp_win.dll
0x00007ffeeeac0000 - 0x00007ffeeead9000 	C:\Program Files\Java\jdk-15.0.1\bin\VCRUNTIME140.dll
0x00007ffef1a00000 - 0x00007ffef1c9a000 	C:\Windows\WinSxS\amd64_microsoft.windows.common-controls_6595b64144ccf1df_6.0.19041.1110_none_60b5254171f9507e\COMCTL32.dll
0x00007ffefaab0000 - 0x00007ffefaaba000 	C:\Windows\SYSTEM32\VERSION.dll
0x00007fff068c0000 - 0x00007fff068f0000 	C:\Windows\System32\IMM32.DLL
0x00007ffefca60000 - 0x00007ffefca6c000 	C:\Program Files\Java\jdk-15.0.1\bin\vcruntime140_1.dll
0x00007ffed1220000 - 0x00007ffed12b1000 	C:\Program Files\Java\jdk-15.0.1\bin\msvcp140.dll
0x00007ffec6fe0000 - 0x00007ffec7b3e000 	C:\Program Files\Java\jdk-15.0.1\bin\server\jvm.dll
0x00007fff06b40000 - 0x00007fff06b48000 	C:\Windows\System32\PSAPI.DLL
0x00007ffef2810000 - 0x00007ffef2819000 	C:\Windows\SYSTEM32\WSOCK32.dll
0x00007fff05db0000 - 0x00007fff05e1b000 	C:\Windows\System32\WS2_32.dll
0x00007ffee73f0000 - 0x00007ffee7417000 	C:\Windows\SYSTEM32\WINMM.dll
0x00007fff03400000 - 0x00007fff03412000 	C:\Windows\SYSTEM32\kernel.appcore.dll
0x00007ffeeeab0000 - 0x00007ffeeeaba000 	C:\Program Files\Java\jdk-15.0.1\bin\jimage.dll
0x00007fff031a0000 - 0x00007fff03384000 	C:\Windows\SYSTEM32\DBGHELP.DLL
0x00007ffeebdb0000 - 0x00007ffeebddc000 	C:\Windows\SYSTEM32\dbgcore.DLL
0x00007fff04d10000 - 0x00007fff04d93000 	C:\Windows\System32\bcryptPrimitives.dll
0x00007ffeeea10000 - 0x00007ffeeea35000 	C:\Program Files\Java\jdk-15.0.1\bin\java.dll
0x00007fff05e20000 - 0x00007fff0655f000 	C:\Windows\System32\SHELL32.dll
0x00007fff02940000 - 0x00007fff030d0000 	C:\Windows\SYSTEM32\windows.storage.dll
0x00007fff05590000 - 0x00007fff058e5000 	C:\Windows\System32\combase.dll
0x00007fff044b0000 - 0x00007fff044de000 	C:\Windows\SYSTEM32\Wldp.dll
0x00007fff071f0000 - 0x00007fff0729d000 	C:\Windows\System32\SHCORE.dll
0x00007fff05460000 - 0x00007fff054b5000 	C:\Windows\System32\shlwapi.dll
0x00007fff04a70000 - 0x00007fff04a8f000 	C:\Windows\SYSTEM32\profapi.dll
0x00007ffeeea90000 - 0x00007ffeeeaa9000 	C:\Program Files\Java\jdk-15.0.1\bin\net.dll
0x00007ffefac00000 - 0x00007ffefad0c000 	C:\Windows\SYSTEM32\WINHTTP.dll
0x00007fff04210000 - 0x00007fff0427a000 	C:\Windows\system32\mswsock.dll
0x00007ffeee3d0000 - 0x00007ffeee3e2000 	C:\Program Files\Java\jdk-15.0.1\bin\nio.dll
0x00007ffeed9b0000 - 0x00007ffeed9c8000 	C:\Program Files\Java\jdk-15.0.1\bin\zip.dll
0x00007fff04410000 - 0x00007fff04428000 	C:\Windows\SYSTEM32\CRYPTSP.dll
0x00007fff03b90000 - 0x00007fff03bc4000 	C:\Windows\system32\rsaenh.dll
0x00007fff052e0000 - 0x00007fff05307000 	C:\Windows\System32\bcrypt.dll
0x00007fff049f0000 - 0x00007fff04a1e000 	C:\Windows\SYSTEM32\USERENV.dll
0x00007fff04400000 - 0x00007fff0440c000 	C:\Windows\SYSTEM32\CRYPTBASE.dll
0x00007fff03f00000 - 0x00007fff03f3b000 	C:\Windows\SYSTEM32\IPHLPAPI.DLL
0x00007fff054c0000 - 0x00007fff054c8000 	C:\Windows\System32\NSI.dll
0x00007ffefbd80000 - 0x00007ffefbd97000 	C:\Windows\SYSTEM32\dhcpcsvc6.DLL
0x00007ffefbd60000 - 0x00007ffefbd7d000 	C:\Windows\SYSTEM32\dhcpcsvc.DLL
0x00007fff03f40000 - 0x00007fff0400b000 	C:\Windows\SYSTEM32\DNSAPI.dll
0x00007ffee44b0000 - 0x00007ffee44ee000 	C:\Users\Lenovo\AppData\Roaming\Code\User\globalStorage\redhat.java\1.1.0\config_ss_win\org.eclipse.equinox.launcher\org.eclipse.equinox.launcher.win32.win32.x86_64_1.2.400.v20211116-1129\eclipse_11601.dll
0x00007fff058f0000 - 0x00007fff05a1a000 	C:\Windows\System32\ole32.dll
0x00007ffeee020000 - 0x00007ffeee030000 	C:\Program Files\Java\jdk-15.0.1\bin\verify.dll
0x00007ffee3d40000 - 0x00007ffee3d51000 	C:\Users\Lenovo\AppData\Roaming\Code\User\globalStorage\redhat.java\1.1.0\config_ss_win\org.eclipse.osgi\16\0\.cp\jWinHttp-1.0.0.dll

dbghelp: loaded successfully - version: 4.0.5 - missing functions: none
symbol engine: initialized successfully - sym options: 0x614 - pdb path: .;C:\Program Files\Java\jdk-15.0.1\bin;C:\Windows\SYSTEM32;C:\Windows\WinSxS\amd64_microsoft.windows.common-controls_6595b64144ccf1df_6.0.19041.1110_none_60b5254171f9507e;C:\Program Files\Java\jdk-15.0.1\bin\server;C:\Users\Lenovo\AppData\Roaming\Code\User\globalStorage\redhat.java\1.1.0\config_ss_win\org.eclipse.equinox.launcher\org.eclipse.equinox.launcher.win32.win32.x86_64_1.2.400.v20211116-1129;C:\Users\Lenovo\AppData\Roaming\Code\User\globalStorage\redhat.java\1.1.0\config_ss_win\org.eclipse.osgi\16\0\.cp

VM Arguments:
jvm_args: --add-modules=ALL-SYSTEM --add-opens=java.base/java.util=ALL-UNNAMED --add-opens=java.base/java.lang=ALL-UNNAMED -Declipse.application=org.eclipse.jdt.ls.core.id1 -Dosgi.bundles.defaultStartLevel=4 -Declipse.product=org.eclipse.jdt.ls.core.product -Djava.import.generatesMetadataFilesAtProjectRoot=false -Dfile.encoding=utf8 -DwatchParentProcess=false -XX:+UseParallelGC -XX:GCTimeRatio=4 -XX:AdaptiveSizePolicyWeight=90 -Dsun.zip.disableMemoryMapping=true -Xmx1G -Xms100m 
java_command: c:\Users\Lenovo\.vscode\extensions\redhat.java-1.1.0\server\plugins\org.eclipse.equinox.launcher_1.6.400.v20210924-0641.jar -configuration c:\Users\Lenovo\AppData\Roaming\Code\User\globalStorage\redhat.java\1.1.0\config_ss_win -data c:\Users\Lenovo\AppData\Roaming\Code\User\workspaceStorage\f1c8a35ba28d1298b9f56ca6d456b472\redhat.java\ss_ws
java_class_path (initial): c:\Users\Lenovo\.vscode\extensions\redhat.java-1.1.0\server\plugins\org.eclipse.equinox.launcher_1.6.400.v20210924-0641.jar
Launcher Type: SUN_STANDARD

[Global flags]
    uintx AdaptiveSizePolicyWeight                 = 90                                        {product} {command line}
     intx CICompilerCount                          = 3                                         {product} {ergonomic}
    uintx GCTimeRatio                              = 4                                         {product} {command line}
   size_t InitialHeapSize                          = 104857600                                 {product} {command line}
   size_t MaxHeapSize                              = 1073741824                                {product} {command line}
   size_t MaxNewSize                               = 357564416                                 {product} {ergonomic}
   size_t MinHeapDeltaBytes                        = 524288                                    {product} {ergonomic}
   size_t MinHeapSize                              = 104857600                                 {product} {command line}
   size_t NewSize                                  = 34603008                                  {product} {ergonomic}
    uintx NonNMethodCodeHeapSize                   = 5832780                                {pd product} {ergonomic}
    uintx NonProfiledCodeHeapSize                  = 122912730                              {pd product} {ergonomic}
   size_t OldSize                                  = 70254592                                  {product} {ergonomic}
    uintx ProfiledCodeHeapSize                     = 122912730                              {pd product} {ergonomic}
    uintx ReservedCodeCacheSize                    = 251658240                              {pd product} {ergonomic}
     bool SegmentedCodeCache                       = true                                      {product} {ergonomic}
   size_t SoftMaxHeapSize                          = 1073741824                             {manageable} {ergonomic}
     bool UseCompressedClassPointers               = true                                 {lp64_product} {ergonomic}
     bool UseCompressedOops                        = true                                 {lp64_product} {ergonomic}
     bool UseLargePagesIndividualAllocation        = false                                  {pd product} {ergonomic}
     bool UseParallelGC                            = true                                      {product} {command line}

Logging:
Log output configuration:
 #0: stdout all=warning uptime,level,tags
 #1: stderr all=off uptime,level,tags

Environment Variables:
JAVA_HOME=C:\Program Files\Java\jdk-15.0.1
PATH=C:\Program Files\Python310\Scripts\;C:\Program Files\Python310\;C:\Program Files\Common Files\Oracle\Java\javapath;C:\ProgramData\Oracle\Java\javapath;C:\Windows\system32;C:\Windows;C:\Windows\System32\Wbem;C:\Windows\System32\WindowsPowerShell\v1.0\;C:\Windows\System32\OpenSSH\;C:\Program Files\Java\jdk-15.0.1\bin;E:\;C:\Program Files\Git\cmd;C:\Program Files\Go\bin;C:\ProgramData\chocolatey\bin;C:\Users\Lenovo\AppData\Local\Microsoft\WindowsApps;C:\MinGW\bin;C:\Users\Lenovo\go\bin;C:\Program Files\Go\bin;C:\Users\Lenovo\AppData\Local\Programs\Microsoft VS Code\bin
USERNAME=Lenovo
OS=Windows_NT
PROCESSOR_IDENTIFIER=Intel64 Family 6 Model 142 Stepping 10, GenuineIntel



---------------  S Y S T E M  ---------------

OS:
 Windows 10 , 64 bit Build 19041 (10.0.19041.1348)
OS uptime: 1 days 14:51 hours

CPU: total 4 (initial active 4) (2 cores per cpu, 2 threads per core) family 6 model 142 stepping 10 microcode 0xea, cmov, cx8, fxsr, mmx, sse, sse2, sse3, ssse3, sse4.1, sse4.2, popcnt, vzeroupper, avx, avx2, aes, clmul, erms, 3dnowpref, lzcnt, ht, tsc, tscinvbit, bmi1, bmi2, adx, fma, clflush, clflushopt

Memory: 4k page, system-wide physical 4001M (286M free)
TotalPageFile size 7241M (AvailPageFile size 7M)
current process WorkingSet (physical memory assigned to process): 157M, peak: 157M
current process commit charge ("private bytes"): 247M, peak: 250M

vm_info: Java HotSpot(TM) 64-Bit Server VM (15.0.1+9-18) for windows-amd64 JRE (15.0.1+9-18), built on Sep 15 2020 14:43:54 by "mach5one" with unknown MS VC++:1925

END.
